Traceback (most recent call last):
  File "D:\Anaconda\lib\site-packages\whisper\audio.py", line 46, in load_audio
    ffmpeg.input(file, threads=0)
  File "D:\Anaconda\lib\site-packages\ffmpeg\_run.py", line 325, in run
    raise Error('ffmpeg', out, err)
ffmpeg._run.Error: ffmpeg error (see stderr output for detail)

The above exception was the direct cause of the following exception:

Traceback (most recent call last):
  File "E:\Project\Project\test.py", line 71, in <module>
    run_msbg(li.signals, li)
  File "E:\Project\Project\test.py", line 65, in main

  File "E:\Project\Project\test.py", line 27, in store_results
    output = out_file(speech.signal, li_name)
  File "E:\Project\Project\run_whisper.py", line 9, in run_whisper
    result = model.transcribe(file)
  File "D:\Anaconda\lib\site-packages\whisper\transcribe.py", line 121, in transcribe
    mel = log_mel_spectrogram(audio, padding=N_SAMPLES)
  File "D:\Anaconda\lib\site-packages\whisper\audio.py", line 130, in log_mel_spectrogram
    audio = load_audio(audio)
  File "D:\Anaconda\lib\site-packages\whisper\audio.py", line 51, in load_audio
    raise RuntimeError(f"Failed to load audio: {e.stderr.decode()}") from e
RuntimeError: Failed to load audio: ffmpeg version 6.0-essentials_build-www.gyan.dev Copyright (c) 2000-2023 the FFmpeg developers
  built with gcc 12.2.0 (Rev10, Built by MSYS2 project)
  configuration: --enable-gpl --enable-version3 --enable-static --disable-w32threads --disable-autodetect --enable-fontconfig --enable-iconv --enable-gnutls --enable-libxml2 --enable-gmp --enable-lzma --enable-zlib --enable-libsrt --enable-libssh --enable-libzmq --enable-avisynth --enable-sdl2 --enable-libwebp --enable-libx264 --enable-libx265 
--enable-libxvid --enable-libaom --enable-libopenjpeg --enable-libvpx --enable-libass --enable-libfreetype --enable-libfribidi --enable-libvidstab --enable-libvmaf --enable-libzimg --enable-amf --enable-cuda-llvm --enable-cuvid --enable-ffnvcodec --enable-nvdec --enable-nvenc --enable-d3d11va --enable-dxva2 --enable-libmfx --enable-libgme --enable-libopenmpt --enable-libopencore-amrwb --enable-libmp3lame --enable-libtheora --enable-libvo-amrwbenc --enable-libgsm --enable-libopencore-amrnb --enable-libopus --enable-libspeex --enable-libvorbis --enable-librubberband
  libavformat    60.  3.100 / 60.  3.100
  libavdevice    60.  1.100 / 60.  1.100
  libavfilter     9.  3.100 /  9.  3.100
  libswscale      7.  1.100 /  7.  1.100
  libswresample   4. 10.100 /  4. 10.100
  libpostproc    57.  1.100 / 57.  1.100
../../data/output/L0206/S09628_L0206_E001_output.wav: No such file or directory